<?xml version="1.0" encoding="UTF-8"?>
<!-- Generated by org.testng.reporters.JUnitXMLReporter -->
<testsuite ignored="15" hostname="DESKTOP-HVBBI7I" failures="0" tests="2" name="Test" time="54.858" errors="0" timestamp="2022-03-08T16:00:53 IST">
  <testcase classname="com.mystore.testcases.Indexpagetest" name="verifylogo" time="0.334"/>
  <testcase classname="com.mystore.testcases.Indexpagetest" name="verifytitle" time="0.018"/>
  <testcase classname="com.mystore.testcases.SearchResultTest" name="productavailabilitytest" time="0.0">
    <ignored/>
  </testcase> <!-- productavailabilitytest -->
  <testcase classname="com.mystore.testcases.HomePageTest" name="validateorderhistory" time="0.0">
    <ignored/>
  </testcase> <!-- validateorderhistory -->
  <testcase classname="com.mystore.base.BaseClass" name="@BeforeTest loadconfig" time="0.0">
    <ignored/>
  </testcase> <!-- @BeforeTest loadconfig -->
  <testcase classname="com.mystore.base.BaseClass" name="@BeforeTest loadconfig" time="0.0">
    <ignored/>
  </testcase> <!-- @BeforeTest loadconfig -->
  <testcase classname="com.mystore.base.BaseClass" name="@BeforeTest loadconfig" time="0.0">
    <ignored/>
  </testcase> <!-- @BeforeTest loadconfig -->
  <testcase classname="com.mystore.base.BaseClass" name="@BeforeTest loadconfig" time="0.0">
    <ignored/>
  </testcase> <!-- @BeforeTest loadconfig -->
  <testcase classname="com.mystore.base.BaseClass" name="@BeforeTest loadconfig" time="0.0">
    <ignored/>
  </testcase> <!-- @BeforeTest loadconfig -->
  <testcase classname="com.mystore.base.BaseClass" name="@BeforeTest loadconfig" time="0.0">
    <ignored/>
  </testcase> <!-- @BeforeTest loadconfig -->
  <testcase classname="com.mystore.base.BaseClass" name="@BeforeTest loadconfig" time="0.0">
    <ignored/>
  </testcase> <!-- @BeforeTest loadconfig -->
  <testcase classname="com.mystore.testcases.EndToEnd" name="endtoendflow" time="0.0">
    <ignored/>
  </testcase> <!-- endtoendflow -->
  <testcase classname="com.mystore.testcases.LoginTest" name="logintest" time="0.0">
    <ignored/>
  </testcase> <!-- logintest -->
  <testcase classname="com.mystore.testcases.HomePageTest" name="validatewishlist" time="0.0">
    <ignored/>
  </testcase> <!-- validatewishlist -->
  <testcase classname="com.mystore.testcases.AddTocartTest" name="addtocart" time="0.0">
    <ignored/>
  </testcase> <!-- addtocart -->
  <testcase classname="com.mystore.testcases.OrderPageTest" name="verifytotalprice" time="0.0">
    <ignored/>
  </testcase> <!-- verifytotalprice -->
  <testcase classname="com.mystore.testcases.AccountCreationTest" name="verifyaccountpagetest" time="0.0">
    <ignored/>
  </testcase> <!-- verifyaccountpagetest -->
</testsuite> <!-- Test -->
