<?xml version="1.0" encoding="UTF-8"?>
<testng-results ignored="44" total="48" passed="4" failed="0" skipped="0">
  <reporter-output>
  </reporter-output>
  <suite started-at="2022-03-10T11:00:13 IST" name="smoketest" finished-at="2022-03-10T11:01:54 IST" duration-ms="101566">
    <groups>
      <group name="smoke">
        <method signature="Indexpagetest.verifylogo()[pri:0, instance:com.mystore.testcases.Indexpagetest@1e6a3214]" name="verifylogo" class="com.mystore.testcases.Indexpagetest"/>
        <method signature="Indexpagetest.verifytitle()[pri:0, instance:com.mystore.testcases.Indexpagetest@1e6a3214]" name="verifytitle" class="com.mystore.testcases.Indexpagetest"/>
        <method signature="Indexpagetest.verifylogo()[pri:0, instance:com.mystore.testcases.Indexpagetest@74d1dc36]" name="verifylogo" class="com.mystore.testcases.Indexpagetest"/>
        <method signature="Indexpagetest.verifytitle()[pri:0, instance:com.mystore.testcases.Indexpagetest@74d1dc36]" name="verifytitle" class="com.mystore.testcases.Indexpagetest"/>
      </group> <!-- smoke -->
      <group name="sanity">
        <method signature="Indexpagetest.verifylogo()[pri:0, instance:com.mystore.testcases.Indexpagetest@1e6a3214]" name="verifylogo" class="com.mystore.testcases.Indexpagetest"/>
        <method signature="Indexpagetest.verifytitle()[pri:0, instance:com.mystore.testcases.Indexpagetest@1e6a3214]" name="verifytitle" class="com.mystore.testcases.Indexpagetest"/>
        <method signature="Indexpagetest.verifylogo()[pri:0, instance:com.mystore.testcases.Indexpagetest@74d1dc36]" name="verifylogo" class="com.mystore.testcases.Indexpagetest"/>
        <method signature="Indexpagetest.verifytitle()[pri:0, instance:com.mystore.testcases.Indexpagetest@74d1dc36]" name="verifytitle" class="com.mystore.testcases.Indexpagetest"/>
      </group> <!-- sanity -->
    </groups>
    <test started-at="2022-03-10T11:00:13 IST" name="chromebrowser" finished-at="2022-03-10T11:01:54 IST" duration-ms="101566">
      <class name="com.mystore.testcases.Indexpagetest">
        <test-method is-config="true" signature="setup(java.lang.String)[pri:0, instance:com.mystore.testcases.Indexpagetest@1e6a3214]" started-at="2022-03-10T11:00:13 IST" name="setup" finished-at="2022-03-10T11:00:50 IST" duration-ms="37150" status="PASS">
          <params>
            <param index="0">
              <value>
                <![CDATA[chrome]]>
              </value>
            </param>
          </params>
          <reporter-output>
          </reporter-output>
        </test-method> <!-- setup -->
        <test-method signature="verifylogo()[pri:0, instance:com.mystore.testcases.Indexpagetest@1e6a3214]" started-at="2022-03-10T11:00:50 IST" name="verifylogo" finished-at="2022-03-10T11:00:51 IST" duration-ms="804" status="PASS">
          <reporter-output>
          </reporter-output>
        </test-method> <!-- verifylogo -->
        <test-method is-config="true" signature="teardown()[pri:0, instance:com.mystore.testcases.Indexpagetest@1e6a3214]" started-at="2022-03-10T11:00:51 IST" name="teardown" finished-at="2022-03-10T11:00:52 IST" duration-ms="1487" status="PASS">
          <reporter-output>
          </reporter-output>
        </test-method> <!-- teardown -->
        <test-method is-config="true" signature="setup(java.lang.String)[pri:0, instance:com.mystore.testcases.Indexpagetest@1e6a3214]" started-at="2022-03-10T11:00:52 IST" name="setup" finished-at="2022-03-10T11:01:39 IST" duration-ms="46913" status="PASS">
          <params>
            <param index="0">
              <value>
                <![CDATA[chrome]]>
              </value>
            </param>
          </params>
          <reporter-output>
          </reporter-output>
        </test-method> <!-- setup -->
        <test-method signature="verifytitle()[pri:0, instance:com.mystore.testcases.Indexpagetest@1e6a3214]" started-at="2022-03-10T11:01:39 IST" name="verifytitle" finished-at="2022-03-10T11:01:39 IST" duration-ms="18" status="PASS">
          <reporter-output>
          </reporter-output>
        </test-method> <!-- verifytitle -->
        <test-method is-config="true" signature="teardown()[pri:0, instance:com.mystore.testcases.Indexpagetest@1e6a3214]" started-at="2022-03-10T11:01:39 IST" name="teardown" finished-at="2022-03-10T11:01:54 IST" duration-ms="15138" status="PASS">
          <reporter-output>
          </reporter-output>
        </test-method> <!-- teardown -->
      </class> <!-- com.mystore.testcases.Indexpagetest -->
    </test> <!-- chromebrowser -->
    <test started-at="2022-03-10T11:00:13 IST" name="edgebrowser" finished-at="2022-03-10T11:01:54 IST" duration-ms="101566">
      <class name="com.mystore.testcases.LoginTest">
        <test-method is-config="true" signature="loadconfig()[pri:0, instance:com.mystore.testcases.LoginTest@235ecd9f]" started-at="2022-03-10T11:00:12 IST" name="loadconfig" finished-at="2022-03-10T11:00:13 IST" duration-ms="674" status="PASS">
          <reporter-output>
          </reporter-output>
        </test-method> <!-- loadconfig -->
        <test-method is-config="true" signature="endextent()[pri:0, instance:com.mystore.testcases.LoginTest@235ecd9f]" started-at="2022-03-10T11:01:55 IST" name="endextent" finished-at="2022-03-10T11:01:56 IST" duration-ms="1138" status="PASS">
          <reporter-output>
          </reporter-output>
        </test-method> <!-- endextent -->
      </class> <!-- com.mystore.testcases.LoginTest -->
      <class name="com.mystore.testcases.Indexpagetest">
        <test-method is-config="true" signature="setup(java.lang.String)[pri:0, instance:com.mystore.testcases.Indexpagetest@74d1dc36]" started-at="2022-03-10T11:00:13 IST" name="setup" finished-at="2022-03-10T11:00:50 IST" duration-ms="37189" status="PASS">
          <params>
            <param index="0">
              <value>
                <![CDATA[edge]]>
              </value>
            </param>
          </params>
          <reporter-output>
          </reporter-output>
        </test-method> <!-- setup -->
        <test-method signature="verifylogo()[pri:0, instance:com.mystore.testcases.Indexpagetest@74d1dc36]" started-at="2022-03-10T11:00:50 IST" name="verifylogo" finished-at="2022-03-10T11:00:51 IST" duration-ms="742" status="PASS">
          <reporter-output>
          </reporter-output>
        </test-method> <!-- verifylogo -->
        <test-method is-config="true" signature="teardown()[pri:0, instance:com.mystore.testcases.Indexpagetest@74d1dc36]" started-at="2022-03-10T11:00:51 IST" name="teardown" finished-at="2022-03-10T11:00:52 IST" duration-ms="1496" status="PASS">
          <reporter-output>
          </reporter-output>
        </test-method> <!-- teardown -->
        <test-method is-config="true" signature="setup(java.lang.String)[pri:0, instance:com.mystore.testcases.Indexpagetest@74d1dc36]" started-at="2022-03-10T11:00:52 IST" name="setup" finished-at="2022-03-10T11:01:39 IST" duration-ms="46919" status="PASS">
          <params>
            <param index="0">
              <value>
                <![CDATA[edge]]>
              </value>
            </param>
          </params>
          <reporter-output>
          </reporter-output>
        </test-method> <!-- setup -->
        <test-method signature="verifytitle()[pri:0, instance:com.mystore.testcases.Indexpagetest@74d1dc36]" started-at="2022-03-10T11:01:39 IST" name="verifytitle" finished-at="2022-03-10T11:01:39 IST" duration-ms="16" status="PASS">
          <reporter-output>
          </reporter-output>
        </test-method> <!-- verifytitle -->
        <test-method is-config="true" signature="teardown()[pri:0, instance:com.mystore.testcases.Indexpagetest@74d1dc36]" started-at="2022-03-10T11:01:39 IST" name="teardown" finished-at="2022-03-10T11:01:54 IST" duration-ms="15135" status="PASS">
          <reporter-output>
          </reporter-output>
        </test-method> <!-- teardown -->
      </class> <!-- com.mystore.testcases.Indexpagetest -->
    </test> <!-- edgebrowser -->
  </suite> <!-- smoketest -->
</testng-results>
