<?xml version="1.0" encoding="UTF-8"?>
<!-- Generated by org.testng.reporters.JUnitXMLReporter -->
<testsuite ignored="22" hostname="DESKTOP-HVBBI7I" failures="0" tests="2" name="edgebrowser" time="101.566" errors="0" timestamp="2022-03-10T11:01:55 IST">
  <testcase classname="com.mystore.testcases.Indexpagetest" name="verifylogo" time="0.742"/>
  <testcase classname="com.mystore.testcases.Indexpagetest" name="verifytitle" time="0.016"/>
  <testcase classname="com.mystore.testcases.SearchResultTest" name="productavailabilitytest" time="0.0">
    <ignored/>
  </testcase> <!-- productavailabilitytest -->
  <testcase classname="com.mystore.testcases.HomePageTest" name="validateorderhistory" time="0.0">
    <ignored/>
  </testcase> <!-- validateorderhistory -->
  <testcase classname="com.mystore.base.BaseClass" name="@BeforeSuite loadconfig" time="0.0">
    <ignored/>
  </testcase> <!-- @BeforeSuite loadconfig -->
  <testcase classname="com.mystore.base.BaseClass" name="@BeforeSuite loadconfig" time="0.0">
    <ignored/>
  </testcase> <!-- @BeforeSuite loadconfig -->
  <testcase classname="com.mystore.base.BaseClass" name="@BeforeSuite loadconfig" time="0.0">
    <ignored/>
  </testcase> <!-- @BeforeSuite loadconfig -->
  <testcase classname="com.mystore.base.BaseClass" name="@BeforeSuite loadconfig" time="0.0">
    <ignored/>
  </testcase> <!-- @BeforeSuite loadconfig -->
  <testcase classname="com.mystore.base.BaseClass" name="@BeforeSuite loadconfig" time="0.0">
    <ignored/>
  </testcase> <!-- @BeforeSuite loadconfig -->
  <testcase classname="com.mystore.base.BaseClass" name="@BeforeSuite loadconfig" time="0.0">
    <ignored/>
  </testcase> <!-- @BeforeSuite loadconfig -->
  <testcase classname="com.mystore.base.BaseClass" name="@BeforeSuite loadconfig" time="0.0">
    <ignored/>
  </testcase> <!-- @BeforeSuite loadconfig -->
  <testcase classname="com.mystore.testcases.EndToEnd" name="endtoendflow" time="0.0">
    <ignored/>
  </testcase> <!-- endtoendflow -->
  <testcase classname="com.mystore.testcases.LoginTest" name="logintest" time="0.0">
    <ignored/>
  </testcase> <!-- logintest -->
  <testcase classname="com.mystore.testcases.HomePageTest" name="validatewishlist" time="0.0">
    <ignored/>
  </testcase> <!-- validatewishlist -->
  <testcase classname="com.mystore.testcases.AddTocartTest" name="addtocart" time="0.0">
    <ignored/>
  </testcase> <!-- addtocart -->
  <testcase classname="com.mystore.testcases.OrderPageTest" name="verifytotalprice" time="0.0">
    <ignored/>
  </testcase> <!-- verifytotalprice -->
  <testcase classname="com.mystore.base.BaseClass" name="@AfterSuite endextent" time="0.0">
    <ignored/>
  </testcase> <!-- @AfterSuite endextent -->
  <testcase classname="com.mystore.base.BaseClass" name="@AfterSuite endextent" time="0.0">
    <ignored/>
  </testcase> <!-- @AfterSuite endextent -->
  <testcase classname="com.mystore.base.BaseClass" name="@AfterSuite endextent" time="0.0">
    <ignored/>
  </testcase> <!-- @AfterSuite endextent -->
  <testcase classname="com.mystore.base.BaseClass" name="@AfterSuite endextent" time="0.0">
    <ignored/>
  </testcase> <!-- @AfterSuite endextent -->
  <testcase classname="com.mystore.base.BaseClass" name="@AfterSuite endextent" time="0.0">
    <ignored/>
  </testcase> <!-- @AfterSuite endextent -->
  <testcase classname="com.mystore.base.BaseClass" name="@AfterSuite endextent" time="0.0">
    <ignored/>
  </testcase> <!-- @AfterSuite endextent -->
  <testcase classname="com.mystore.base.BaseClass" name="@AfterSuite endextent" time="0.0">
    <ignored/>
  </testcase> <!-- @AfterSuite endextent -->
  <testcase classname="com.mystore.testcases.AccountCreationTest" name="verifyaccountpagetest" time="0.0">
    <ignored/>
  </testcase> <!-- verifyaccountpagetest -->
</testsuite> <!-- edgebrowser -->
